<?xml version="1.0" encoding="UTF-8"?>
<!-- Generated by org.testng.reporters.JUnitXMLReporter -->
<testsuite ignored="1" hostname="ADMIN" failures="0" tests="1" name="Default test" time="41.981" errors="0" timestamp="2022-08-15T23:09:19 IST">
  <testcase classname="com.qa.fb.keyword.tests.LoginTest" name="loginTest" time="41.449"/>
  <testcase classname="com.qa.fb.keyword.tests.LoginTest" name="signUpTest" time="0.0">
    <ignored/>
  </testcase> <!-- signUpTest -->
</testsuite> <!-- Default test -->
