<?xml version="1.0" encoding="UTF-8"?>
<testng-results ignored="1" total="2" passed="1" failed="0" skipped="0">
  <reporter-output>
  </reporter-output>
  <suite started-at="2022-08-15T23:08:37 IST" name="Default suite" finished-at="2022-08-15T23:09:19 IST" duration-ms="41981">
    <groups>
    </groups>
    <test started-at="2022-08-15T23:08:37 IST" name="Default test" finished-at="2022-08-15T23:09:19 IST" duration-ms="41981">
      <class name="com.qa.fb.keyword.tests.LoginTest">
        <test-method signature="loginTest()[pri:0, instance:com.qa.fb.keyword.tests.LoginTest@2bfc268b]" started-at="2022-08-15T23:08:38 IST" name="loginTest" finished-at="2022-08-15T23:09:19 IST" duration-ms="41449" status="PASS">
          <reporter-output>
          </reporter-output>
        </test-method> <!-- loginTest -->
      </class> <!-- com.qa.fb.keyword.tests.LoginTest -->
    </test> <!-- Default test -->
  </suite> <!-- Default suite -->
</testng-results>
